--------------------------------------------------------------------------------
Release 14.6 Trace  (nt64)
Copyright (c) 1995-2013 Xilinx, Inc.  All rights reserved.

C:\Xilinx\14.6\ISE_DS\ISE\bin\nt64\unwrapped\trce.exe -intstyle ise -v 3 -s 3
-n 3 -fastpaths -xml Multiplier_VHDL.twx Multiplier_VHDL.ncd -o
Multiplier_VHDL.twr Multiplier_VHDL.pcf

Design file:              Multiplier_VHDL.ncd
Physical constraint file: Multiplier_VHDL.pcf
Device,package,speed:     xc6slx16,csg324,C,-3 (PRODUCTION 1.23 2013-06-08)
Report level:             verbose report

Environment Variable      Effect 
--------------------      ------ 
NONE                      No environment variables were set
--------------------------------------------------------------------------------

INFO:Timing:2698 - No timing constraints found, doing default enumeration.
INFO:Timing:3412 - To improve timing, see the Timing Closure User Guide (UG612).
INFO:Timing:2752 - To get complete path coverage, use the unconstrained paths 
   option. All paths that are not constrained will be reported in the 
   unconstrained paths section(s) of the report.
INFO:Timing:3339 - The clock-to-out numbers in this timing report are based on 
   a 50 Ohm transmission line loading model.  For the details of this model, 
   and for more information on accounting for different loading conditions, 
   please see the device datasheet.



Data Sheet report:
-----------------
All values displayed in nanoseconds (ns)

Setup/Hold to clock clk
------------+------------+------------+------------+------------+------------------+--------+
            |Max Setup to|  Process   |Max Hold to |  Process   |                  | Clock  |
Source      | clk (edge) |   Corner   | clk (edge) |   Corner   |Internal Clock(s) | Phase  |
------------+------------+------------+------------+------------+------------------+--------+
reset       |    0.555(R)|      FAST  |    0.533(R)|      SLOW  |clk_BUFGP         |   0.000|
start       |    0.553(R)|      FAST  |    0.213(R)|      SLOW  |clk_BUFGP         |   0.000|
------------+------------+------------+------------+------------+------------------+--------+

Clock to Setup on destination clock clk
---------------+---------+---------+---------+---------+
               | Src:Rise| Src:Fall| Src:Rise| Src:Fall|
Source Clock   |Dest:Rise|Dest:Rise|Dest:Fall|Dest:Fall|
---------------+---------+---------+---------+---------+
clk            |    1.173|         |         |         |
---------------+---------+---------+---------+---------+


Analysis completed Sun Jan 31 21:22:41 2016 
--------------------------------------------------------------------------------

Trace Settings:
-------------------------
Trace Settings 

Peak Memory Usage: 218 MB



